Based on our conversation, I understand that you're in a good mood and may be looking for some positive vibes to make your day even better. 
From our conversation, it seems like you're a friendly and cheerful person with a great sense of humor.
From our conversation, it seems like you are in a laid-back and relaxed mood. You mentioned enjoying watching movies and snuggling up at home.
I've gathered that you're a cheerful person who enjoys connecting with others.
The user shares their excitement about having their favorite coffee tomorrow and seems to enjoy fun jokes.
From our previous conversation, I learned that you are a cheerful person who enjoys chatting.
From our conversation, it sounds like you're looking forward to your day ahead and finding enjoyment in the little things.
It sounds like you're a dedicated and passionate Manchester United fan who takes the team's losses to heart
It's great that you're being persistent in taking care of your plants, keep up the good work!
Based on this conversation, seems like the user is feeling a bit down but looking to cheer up with some yummy desserts!
From our conversation, I learned that you have a positive attitude towards life.
I understand that you're a big fan of Manchester United and it can be disappointing when they lose.
I'm feeling a bit bored today, nothing seems to be happening.
Overall, the user seems to be feeling bored today and in need of some entertainment. #$#.
Hello! It's great to hear from you. What's on your mind today?
From our conversation, I can tell you're looking for some sweet relief.
Based on our conversation, it seems like you might be feeling a bit stressed out.
Based on our conversation, it looks like you have great taste in desserts and enjoy a good laugh!#$#.
Based on our conversation, it seems like you're interested in learning how to make your favorite desserts and enjoy a good laugh!#$#.
Based on our conversation, it sounds like you're eager to make a Key Lime Pie and are located near Redondo Beach! You also have a great sense of humor and enjoy a good laugh! #$#.
